  jsb_module_register.cpp
  main.cpp
  AppDelegate.cpp
c:\program files (x86)\microsoft visual studio\2017\community\vc\tools\msvc\14.16.27023\include\xlocale(319): warning C4530: Se ha utilizado el controlador de excepciones de C++, pero la semántica de desenredo no está habilitada. Especifique /EHsc (compilando archivo de origen ..\Classes\AppDelegate.cpp)
c:\program files (x86)\microsoft visual studio\2017\community\vc\tools\msvc\14.16.27023\include\xlocale(319): warning C4530: Se ha utilizado el controlador de excepciones de C++, pero la semántica de desenredo no está habilitada. Especifique /EHsc (compilando archivo de origen ..\Classes\jsb_module_register.cpp)
c:\program files (x86)\microsoft visual studio\2017\community\vc\tools\msvc\14.16.27023\include\xlocale(319): warning C4530: Se ha utilizado el controlador de excepciones de C++, pero la semántica de desenredo no está habilitada. Especifique /EHsc (compilando archivo de origen main.cpp)
libtiff-2015.lib(tif_win32.obj) : warning LNK4075: se omite '/EDITANDCONTINUE' debido a la especificación '/INCREMENTAL:NO'
     Creando biblioteca C:\Users\Maxi\Downloads\TP5\build\jsb-link\frameworks\runtime-src\proj.win32\Release.win32\TP5.lib y objeto C:\Users\Maxi\Downloads\TP5\build\jsb-link\frameworks\runtime-src\proj.win32\Release.win32\TP5.exp
LINK : warning LNK4098: la biblioteca predeterminada'LIBCMT' entra en conflicto con otras bibliotecas; use la biblioteca /NODEFAULTLIB:biblioteca
jsb_module_register.obj : warning LNK4217: se importó el símbolo ?clear@AutoreleasePool@cocos2d@@QAEXXZ (public: void __thiscall cocos2d::AutoreleasePool::clear(void)) definido localmente en la función "private: virtual void __thiscall std::_Func_impl_no_alloc<class <lambda_c5b63d1ec35da9f45e52f6b07e0fc7b5>,void>::_Do_call(void)" (?_Do_call@?$_Func_impl_no_alloc@V<lambda_c5b63d1ec35da9f45e52f6b07e0fc7b5>@@X$$V@std@@EAEXXZ)
jsb_module_register.obj : warning LNK4217: se importó el símbolo ?getInstance@PoolManager@cocos2d@@SAPAV12@XZ (public: static class cocos2d::PoolManager * __cdecl cocos2d::PoolManager::getInstance(void)) definido localmente en la función "private: virtual void __thiscall std::_Func_impl_no_alloc<class <lambda_c5b63d1ec35da9f45e52f6b07e0fc7b5>,void>::_Do_call(void)" (?_Do_call@?$_Func_impl_no_alloc@V<lambda_c5b63d1ec35da9f45e52f6b07e0fc7b5>@@X$$V@std@@EAEXXZ)
jsb_module_register.obj : warning LNK4217: se importó el símbolo ?getCurrentPool@PoolManager@cocos2d@@QBEPAVAutoreleasePool@2@XZ (public: class cocos2d::AutoreleasePool * __thiscall cocos2d::PoolManager::getCurrentPool(void)const ) definido localmente en la función "private: virtual void __thiscall std::_Func_impl_no_alloc<class <lambda_c5b63d1ec35da9f45e52f6b07e0fc7b5>,void>::_Do_call(void)" (?_Do_call@?$_Func_impl_no_alloc@V<lambda_c5b63d1ec35da9f45e52f6b07e0fc7b5>@@X$$V@std@@EAEXXZ)
main.obj : warning LNK4217: se importó el símbolo ?start@Application@cocos2d@@QAEXXZ (public: void __thiscall cocos2d::Application::start(void)) definido localmente en la función _wWinMain@16
AppDelegate.obj : warning LNK4217: se importó el símbolo ?log@cocos2d@@YAXPBDZZ (void __cdecl cocos2d::log(char const *,...)) definido localmente en la función "private: virtual void __thiscall std::_Func_impl_no_alloc<class <lambda_a2c85733628e11bde817bf6f96f7075f>,void,char const *,char const *,char const *>::_Do_call(char const * &&,char const * &&,char const * &&)" (?_Do_call@?$_Func_impl_no_alloc@V<lambda_a2c85733628e11bde817bf6f96f7075f>@@XPBDPBDPBD@std@@EAEX$$QAPBD00@Z)
AppDelegate.obj : warning LNK4217: se importó el símbolo ??0Application@cocos2d@@QAE@ABV?$basic_string@DU?$char_traits@D@std@@V?$allocator@D@2@@std@@HH@Z (public: __thiscall cocos2d::Application::Application(class std::basic_string<char,struct std::char_traits<char>,class std::allocator<char> > const &,int,int)) definido localmente en la función "public: __thiscall AppDelegate::AppDelegate(int,int)" (??0AppDelegate@@QAE@HH@Z)
AppDelegate.obj : warning LNK4217: se importó el símbolo ??1Application@cocos2d@@UAE@XZ (public: virtual __thiscall cocos2d::Application::~Application(void)) definido localmente en la función "public: virtual __thiscall AppDelegate::~AppDelegate(void)" (??1AppDelegate@@UAE@XZ)
libtiff-2015.lib(tif_aux.obj) : warning LNK4099: no se encontró PDB 'vc140.pdb' con 'libtiff-2015.lib(tif_aux.obj)' o en 'C:\Users\Maxi\Downloads\TP5\build\jsb-link\frameworks\runtime-src\proj.win32\Release.win32\vc140.pdb'; se vinculará el objeto sin tener en cuenta información de depuración
libtiff-2015.lib(tif_close.obj) : warning LNK4099: no se encontró PDB 'vc140.pdb' con 'libtiff-2015.lib(tif_close.obj)' o en 'C:\Users\Maxi\Downloads\TP5\build\jsb-link\frameworks\runtime-src\proj.win32\Release.win32\vc140.pdb'; se vinculará el objeto sin tener en cuenta información de depuración
libtiff-2015.lib(tif_codec.obj) : warning LNK4099: no se encontró PDB 'vc140.pdb' con 'libtiff-2015.lib(tif_codec.obj)' o en 'C:\Users\Maxi\Downloads\TP5\build\jsb-link\frameworks\runtime-src\proj.win32\Release.win32\vc140.pdb'; se vinculará el objeto sin tener en cuenta información de depuración
libtiff-2015.lib(tif_color.obj) : warning LNK4099: no se encontró PDB 'vc140.pdb' con 'libtiff-2015.lib(tif_color.obj)' o en 'C:\Users\Maxi\Downloads\TP5\build\jsb-link\frameworks\runtime-src\proj.win32\Release.win32\vc140.pdb'; se vinculará el objeto sin tener en cuenta información de depuración
libtiff-2015.lib(tif_compress.obj) : warning LNK4099: no se encontró PDB 'vc140.pdb' con 'libtiff-2015.lib(tif_compress.obj)' o en 'C:\Users\Maxi\Downloads\TP5\build\jsb-link\frameworks\runtime-src\proj.win32\Release.win32\vc140.pdb'; se vinculará el objeto sin tener en cuenta información de depuración
libtiff-2015.lib(tif_dir.obj) : warning LNK4099: no se encontró PDB 'vc140.pdb' con 'libtiff-2015.lib(tif_dir.obj)' o en 'C:\Users\Maxi\Downloads\TP5\build\jsb-link\frameworks\runtime-src\proj.win32\Release.win32\vc140.pdb'; se vinculará el objeto sin tener en cuenta información de depuración
libtiff-2015.lib(tif_dirinfo.obj) : warning LNK4099: no se encontró PDB 'vc140.pdb' con 'libtiff-2015.lib(tif_dirinfo.obj)' o en 'C:\Users\Maxi\Downloads\TP5\build\jsb-link\frameworks\runtime-src\proj.win32\Release.win32\vc140.pdb'; se vinculará el objeto sin tener en cuenta información de depuración
libtiff-2015.lib(tif_dirread.obj) : warning LNK4099: no se encontró PDB 'vc140.pdb' con 'libtiff-2015.lib(tif_dirread.obj)' o en 'C:\Users\Maxi\Downloads\TP5\build\jsb-link\frameworks\runtime-src\proj.win32\Release.win32\vc140.pdb'; se vinculará el objeto sin tener en cuenta información de depuración
libtiff-2015.lib(tif_dirwrite.obj) : warning LNK4099: no se encontró PDB 'vc140.pdb' con 'libtiff-2015.lib(tif_dirwrite.obj)' o en 'C:\Users\Maxi\Downloads\TP5\build\jsb-link\frameworks\runtime-src\proj.win32\Release.win32\vc140.pdb'; se vinculará el objeto sin tener en cuenta información de depuración
libtiff-2015.lib(tif_dumpmode.obj) : warning LNK4099: no se encontró PDB 'vc140.pdb' con 'libtiff-2015.lib(tif_dumpmode.obj)' o en 'C:\Users\Maxi\Downloads\TP5\build\jsb-link\frameworks\runtime-src\proj.win32\Release.win32\vc140.pdb'; se vinculará el objeto sin tener en cuenta información de depuración
libtiff-2015.lib(tif_error.obj) : warning LNK4099: no se encontró PDB 'vc140.pdb' con 'libtiff-2015.lib(tif_error.obj)' o en 'C:\Users\Maxi\Downloads\TP5\build\jsb-link\frameworks\runtime-src\proj.win32\Release.win32\vc140.pdb'; se vinculará el objeto sin tener en cuenta información de depuración
libtiff-2015.lib(tif_fax3.obj) : warning LNK4099: no se encontró PDB 'vc140.pdb' con 'libtiff-2015.lib(tif_fax3.obj)' o en 'C:\Users\Maxi\Downloads\TP5\build\jsb-link\frameworks\runtime-src\proj.win32\Release.win32\vc140.pdb'; se vinculará el objeto sin tener en cuenta información de depuración
libtiff-2015.lib(tif_fax3sm.obj) : warning LNK4099: no se encontró PDB 'vc140.pdb' con 'libtiff-2015.lib(tif_fax3sm.obj)' o en 'C:\Users\Maxi\Downloads\TP5\build\jsb-link\frameworks\runtime-src\proj.win32\Release.win32\vc140.pdb'; se vinculará el objeto sin tener en cuenta información de depuración
libtiff-2015.lib(tif_getimage.obj) : warning LNK4099: no se encontró PDB 'vc140.pdb' con 'libtiff-2015.lib(tif_getimage.obj)' o en 'C:\Users\Maxi\Downloads\TP5\build\jsb-link\frameworks\runtime-src\proj.win32\Release.win32\vc140.pdb'; se vinculará el objeto sin tener en cuenta información de depuración
libtiff-2015.lib(tif_flush.obj) : warning LNK4099: no se encontró PDB 'vc140.pdb' con 'libtiff-2015.lib(tif_flush.obj)' o en 'C:\Users\Maxi\Downloads\TP5\build\jsb-link\frameworks\runtime-src\proj.win32\Release.win32\vc140.pdb'; se vinculará el objeto sin tener en cuenta información de depuración
libtiff-2015.lib(tif_luv.obj) : warning LNK4099: no se encontró PDB 'vc140.pdb' con 'libtiff-2015.lib(tif_luv.obj)' o en 'C:\Users\Maxi\Downloads\TP5\build\jsb-link\frameworks\runtime-src\proj.win32\Release.win32\vc140.pdb'; se vinculará el objeto sin tener en cuenta información de depuración
libtiff-2015.lib(tif_lzw.obj) : warning LNK4099: no se encontró PDB 'vc140.pdb' con 'libtiff-2015.lib(tif_lzw.obj)' o en 'C:\Users\Maxi\Downloads\TP5\build\jsb-link\frameworks\runtime-src\proj.win32\Release.win32\vc140.pdb'; se vinculará el objeto sin tener en cuenta información de depuración
libtiff-2015.lib(tif_next.obj) : warning LNK4099: no se encontró PDB 'vc140.pdb' con 'libtiff-2015.lib(tif_next.obj)' o en 'C:\Users\Maxi\Downloads\TP5\build\jsb-link\frameworks\runtime-src\proj.win32\Release.win32\vc140.pdb'; se vinculará el objeto sin tener en cuenta información de depuración
libtiff-2015.lib(tif_open.obj) : warning LNK4099: no se encontró PDB 'vc140.pdb' con 'libtiff-2015.lib(tif_open.obj)' o en 'C:\Users\Maxi\Downloads\TP5\build\jsb-link\frameworks\runtime-src\proj.win32\Release.win32\vc140.pdb'; se vinculará el objeto sin tener en cuenta información de depuración
libtiff-2015.lib(tif_packbits.obj) : warning LNK4099: no se encontró PDB 'vc140.pdb' con 'libtiff-2015.lib(tif_packbits.obj)' o en 'C:\Users\Maxi\Downloads\TP5\build\jsb-link\frameworks\runtime-src\proj.win32\Release.win32\vc140.pdb'; se vinculará el objeto sin tener en cuenta información de depuración
libtiff-2015.lib(tif_predict.obj) : warning LNK4099: no se encontró PDB 'vc140.pdb' con 'libtiff-2015.lib(tif_predict.obj)' o en 'C:\Users\Maxi\Downloads\TP5\build\jsb-link\frameworks\runtime-src\proj.win32\Release.win32\vc140.pdb'; se vinculará el objeto sin tener en cuenta información de depuración
libtiff-2015.lib(tif_read.obj) : warning LNK4099: no se encontró PDB 'vc140.pdb' con 'libtiff-2015.lib(tif_read.obj)' o en 'C:\Users\Maxi\Downloads\TP5\build\jsb-link\frameworks\runtime-src\proj.win32\Release.win32\vc140.pdb'; se vinculará el objeto sin tener en cuenta información de depuración
libtiff-2015.lib(tif_swab.obj) : warning LNK4099: no se encontró PDB 'vc140.pdb' con 'libtiff-2015.lib(tif_swab.obj)' o en 'C:\Users\Maxi\Downloads\TP5\build\jsb-link\frameworks\runtime-src\proj.win32\Release.win32\vc140.pdb'; se vinculará el objeto sin tener en cuenta información de depuración
libtiff-2015.lib(tif_strip.obj) : warning LNK4099: no se encontró PDB 'vc140.pdb' con 'libtiff-2015.lib(tif_strip.obj)' o en 'C:\Users\Maxi\Downloads\TP5\build\jsb-link\frameworks\runtime-src\proj.win32\Release.win32\vc140.pdb'; se vinculará el objeto sin tener en cuenta información de depuración
libtiff-2015.lib(tif_thunder.obj) : warning LNK4099: no se encontró PDB 'vc140.pdb' con 'libtiff-2015.lib(tif_thunder.obj)' o en 'C:\Users\Maxi\Downloads\TP5\build\jsb-link\frameworks\runtime-src\proj.win32\Release.win32\vc140.pdb'; se vinculará el objeto sin tener en cuenta información de depuración
libtiff-2015.lib(tif_tile.obj) : warning LNK4099: no se encontró PDB 'vc140.pdb' con 'libtiff-2015.lib(tif_tile.obj)' o en 'C:\Users\Maxi\Downloads\TP5\build\jsb-link\frameworks\runtime-src\proj.win32\Release.win32\vc140.pdb'; se vinculará el objeto sin tener en cuenta información de depuración
libtiff-2015.lib(tif_warning.obj) : warning LNK4099: no se encontró PDB 'vc140.pdb' con 'libtiff-2015.lib(tif_warning.obj)' o en 'C:\Users\Maxi\Downloads\TP5\build\jsb-link\frameworks\runtime-src\proj.win32\Release.win32\vc140.pdb'; se vinculará el objeto sin tener en cuenta información de depuración
libtiff-2015.lib(tif_write.obj) : warning LNK4099: no se encontró PDB 'vc140.pdb' con 'libtiff-2015.lib(tif_write.obj)' o en 'C:\Users\Maxi\Downloads\TP5\build\jsb-link\frameworks\runtime-src\proj.win32\Release.win32\vc140.pdb'; se vinculará el objeto sin tener en cuenta información de depuración
libtiff-2015.lib(tif_win32.obj) : warning LNK4099: no se encontró PDB 'vc140.pdb' con 'libtiff-2015.lib(tif_win32.obj)' o en 'C:\Users\Maxi\Downloads\TP5\build\jsb-link\frameworks\runtime-src\proj.win32\Release.win32\vc140.pdb'; se vinculará el objeto sin tener en cuenta información de depuración
  TP5.vcxproj -> C:\Users\Maxi\Downloads\TP5\build\jsb-link\frameworks\runtime-src\proj.win32\Release.win32\TP5.exe
  Performing Custom Build Step
  C:\Users\Maxi\Downloads\TP5\build\jsb-link\src\cocos2d-jsb.b072a.jsc -> C:\Users\Maxi\Downloads\TP5\build\jsb-link\frameworks\runtime-src\proj.win32\Release.win32\src\cocos2d-jsb.b072a.jsc
  C:\Users\Maxi\Downloads\TP5\build\jsb-link\src\physics.10dcf.jsc -> C:\Users\Maxi\Downloads\TP5\build\jsb-link\frameworks\runtime-src\proj.win32\Release.win32\src\physics.10dcf.jsc
  C:\Users\Maxi\Downloads\TP5\build\jsb-link\src\settings.816ee.jsc -> C:\Users\Maxi\Downloads\TP5\build\jsb-link\frameworks\runtime-src\proj.win32\Release.win32\src\settings.816ee.jsc
  3 archivo(s) copiado(s)
  C:\Users\Maxi\Downloads\TP5\build\jsb-link\assets\internal\config.395b1.json -> C:\Users\Maxi\Downloads\TP5\build\jsb-link\frameworks\runtime-src\proj.win32\Release.win32\assets\internal\config.395b1.json
  C:\Users\Maxi\Downloads\TP5\build\jsb-link\assets\internal\index.395b1.jsc -> C:\Users\Maxi\Downloads\TP5\build\jsb-link\frameworks\runtime-src\proj.win32\Release.win32\assets\internal\index.395b1.jsc
  C:\Users\Maxi\Downloads\TP5\build\jsb-link\assets\internal\import\0b\0b6c4470e.f9695.json -> C:\Users\Maxi\Downloads\TP5\build\jsb-link\frameworks\runtime-src\proj.win32\Release.win32\assets\internal\import\0b\0b6c4470e.f9695.json
  C:\Users\Maxi\Downloads\TP5\build\jsb-link\assets\internal\native\02\0275e94c-56a7-410f-bd1a-fc7483f7d14a.cea68.png -> C:\Users\Maxi\Downloads\TP5\build\jsb-link\frameworks\runtime-src\proj.win32\Release.win32\assets\internal\native\02\0275e94c-56a7-410f-bd1a-fc7483f7d14a.cea68.png
  C:\Users\Maxi\Downloads\TP5\build\jsb-link\assets\internal\native\60\600301aa-3357-4a10-b086-84f011fa32ba.c3a3a.png -> C:\Users\Maxi\Downloads\TP5\build\jsb-link\frameworks\runtime-src\proj.win32\Release.win32\assets\internal\native\60\600301aa-3357-4a10-b086-84f011fa32ba.c3a3a.png
  C:\Users\Maxi\Downloads\TP5\build\jsb-link\assets\main\config.1f55c.json -> C:\Users\Maxi\Downloads\TP5\build\jsb-link\frameworks\runtime-src\proj.win32\Release.win32\assets\main\config.1f55c.json
  C:\Users\Maxi\Downloads\TP5\build\jsb-link\assets\main\index.1f55c.jsc -> C:\Users\Maxi\Downloads\TP5\build\jsb-link\frameworks\runtime-src\proj.win32\Release.win32\assets\main\index.1f55c.jsc
  C:\Users\Maxi\Downloads\TP5\build\jsb-link\assets\main\import\01\01dd81c80.1eb5f.json -> C:\Users\Maxi\Downloads\TP5\build\jsb-link\frameworks\runtime-src\proj.win32\Release.win32\assets\main\import\01\01dd81c80.1eb5f.json
  C:\Users\Maxi\Downloads\TP5\build\jsb-link\assets\main\import\02\028efb7df.63972.json -> C:\Users\Maxi\Downloads\TP5\build\jsb-link\frameworks\runtime-src\proj.win32\Release.win32\assets\main\import\02\028efb7df.63972.json
  C:\Users\Maxi\Downloads\TP5\build\jsb-link\assets\main\import\06\060fb3768.807ad.json -> C:\Users\Maxi\Downloads\TP5\build\jsb-link\frameworks\runtime-src\proj.win32\Release.win32\assets\main\import\06\060fb3768.807ad.json
  C:\Users\Maxi\Downloads\TP5\build\jsb-link\assets\main\import\06\066d6c1ed.a3fb8.json -> C:\Users\Maxi\Downloads\TP5\build\jsb-link\frameworks\runtime-src\proj.win32\Release.win32\assets\main\import\06\066d6c1ed.a3fb8.json
  C:\Users\Maxi\Downloads\TP5\build\jsb-link\assets\main\import\08\082d90b9-6a43-47d4-8b4f-332e3cb0a4ef.a1321.json -> C:\Users\Maxi\Downloads\TP5\build\jsb-link\frameworks\runtime-src\proj.win32\Release.win32\assets\main\import\08\082d90b9-6a43-47d4-8b4f-332e3cb0a4ef.a1321.json
  C:\Users\Maxi\Downloads\TP5\build\jsb-link\assets\main\import\08\08b8dae6f.61a36.json -> C:\Users\Maxi\Downloads\TP5\build\jsb-link\frameworks\runtime-src\proj.win32\Release.win32\assets\main\import\08\08b8dae6f.61a36.json
  C:\Users\Maxi\Downloads\TP5\build\jsb-link\assets\main\import\09\09811ff6c.7afa7.json -> C:\Users\Maxi\Downloads\TP5\build\jsb-link\frameworks\runtime-src\proj.win32\Release.win32\assets\main\import\09\09811ff6c.7afa7.json
  C:\Users\Maxi\Downloads\TP5\build\jsb-link\assets\main\import\0c\0c325776b.55798.json -> C:\Users\Maxi\Downloads\TP5\build\jsb-link\frameworks\runtime-src\proj.win32\Release.win32\assets\main\import\0c\0c325776b.55798.json
  C:\Users\Maxi\Downloads\TP5\build\jsb-link\assets\main\import\0c\0c37eb06f.acafc.json -> C:\Users\Maxi\Downloads\TP5\build\jsb-link\frameworks\runtime-src\proj.win32\Release.win32\assets\main\import\0c\0c37eb06f.acafc.json
  C:\Users\Maxi\Downloads\TP5\build\jsb-link\assets\main\import\0e\0e19aaf93.7cea5.json -> C:\Users\Maxi\Downloads\TP5\build\jsb-link\frameworks\runtime-src\proj.win32\Release.win32\assets\main\import\0e\0e19aaf93.7cea5.json
  C:\Users\Maxi\Downloads\TP5\build\jsb-link\assets\main\import\0e\0eb912d06.17750.json -> C:\Users\Maxi\Downloads\TP5\build\jsb-link\frameworks\runtime-src\proj.win32\Release.win32\assets\main\import\0e\0eb912d06.17750.json
  C:\Users\Maxi\Downloads\TP5\build\jsb-link\assets\main\import\0f\0f4c66a9d.ff1d9.json -> C:\Users\Maxi\Downloads\TP5\build\jsb-link\frameworks\runtime-src\proj.win32\Release.win32\assets\main\import\0f\0f4c66a9d.ff1d9.json
  C:\Users\Maxi\Downloads\TP5\build\jsb-link\assets\main\import\44\44a7afbf-5739-4d57-b28e-89221595a448.7d49b.json -> C:\Users\Maxi\Downloads\TP5\build\jsb-link\frameworks\runtime-src\proj.win32\Release.win32\assets\main\import\44\44a7afbf-5739-4d57-b28e-89221595a448.7d49b.json
  C:\Users\Maxi\Downloads\TP5\build\jsb-link\assets\main\import\6f\6f09eb93-9406-445a-a1b3-5b332dea2889.18ad5.json -> C:\Users\Maxi\Downloads\TP5\build\jsb-link\frameworks\runtime-src\proj.win32\Release.win32\assets\main\import\6f\6f09eb93-9406-445a-a1b3-5b332dea2889.18ad5.json
  C:\Users\Maxi\Downloads\TP5\build\jsb-link\assets\main\import\9a\9a16c43f-8689-4eb3-931d-4fb5aa54908c.bdf35.json -> C:\Users\Maxi\Downloads\TP5\build\jsb-link\frameworks\runtime-src\proj.win32\Release.win32\assets\main\import\9a\9a16c43f-8689-4eb3-931d-4fb5aa54908c.bdf35.json
  C:\Users\Maxi\Downloads\TP5\build\jsb-link\assets\main\import\cb\cb6c3e22-7b1e-40de-8047-f6c463ecfc44.a64eb.json -> C:\Users\Maxi\Downloads\TP5\build\jsb-link\frameworks\runtime-src\proj.win32\Release.win32\assets\main\import\cb\cb6c3e22-7b1e-40de-8047-f6c463ecfc44.a64eb.json
  C:\Users\Maxi\Downloads\TP5\build\jsb-link\assets\main\import\cc\cc7a2505-3605-449e-89fe-51db6cc16a90.29d57.json -> C:\Users\Maxi\Downloads\TP5\build\jsb-link\frameworks\runtime-src\proj.win32\Release.win32\assets\main\import\cc\cc7a2505-3605-449e-89fe-51db6cc16a90.29d57.json
  C:\Users\Maxi\Downloads\TP5\build\jsb-link\assets\main\native\09\099480f2-02b4-45ce-b1a7-e22e3bd6dbc7.a8c70.png -> C:\Users\Maxi\Downloads\TP5\build\jsb-link\frameworks\runtime-src\proj.win32\Release.win32\assets\main\native\09\099480f2-02b4-45ce-b1a7-e22e3bd6dbc7.a8c70.png
  C:\Users\Maxi\Downloads\TP5\build\jsb-link\assets\main\native\09\09d104f2-22ef-4051-b346-6915bb018aba.e436d.png -> C:\Users\Maxi\Downloads\TP5\build\jsb-link\frameworks\runtime-src\proj.win32\Release.win32\assets\main\native\09\09d104f2-22ef-4051-b346-6915bb018aba.e436d.png
  C:\Users\Maxi\Downloads\TP5\build\jsb-link\assets\main\native\0f\0f0d9e8f-c518-4021-be51-8124c2b658c3.e205f.png -> C:\Users\Maxi\Downloads\TP5\build\jsb-link\frameworks\runtime-src\proj.win32\Release.win32\assets\main\native\0f\0f0d9e8f-c518-4021-be51-8124c2b658c3.e205f.png
  C:\Users\Maxi\Downloads\TP5\build\jsb-link\assets\main\native\33\33694c3c-6894-4402-abc2-7b973cabea7a.d1d72.png -> C:\Users\Maxi\Downloads\TP5\build\jsb-link\frameworks\runtime-src\proj.win32\Release.win32\assets\main\native\33\33694c3c-6894-4402-abc2-7b973cabea7a.d1d72.png
  C:\Users\Maxi\Downloads\TP5\build\jsb-link\assets\main\native\3e\3ecfb12f-6c70-4125-8e59-ab8d9442cd4c.f2667.png -> C:\Users\Maxi\Downloads\TP5\build\jsb-link\frameworks\runtime-src\proj.win32\Release.win32\assets\main\native\3e\3ecfb12f-6c70-4125-8e59-ab8d9442cd4c.f2667.png
  C:\Users\Maxi\Downloads\TP5\build\jsb-link\assets\main\native\68\6825c03e-f0d3-409a-a6c1-7b45f683d2c2.246ea.png -> C:\Users\Maxi\Downloads\TP5\build\jsb-link\frameworks\runtime-src\proj.win32\Release.win32\assets\main\native\68\6825c03e-f0d3-409a-a6c1-7b45f683d2c2.246ea.png
  C:\Users\Maxi\Downloads\TP5\build\jsb-link\assets\main\native\6f\6f4d6f4a-3881-4bb5-8ab9-6d3dcc045138.18f48.png -> C:\Users\Maxi\Downloads\TP5\build\jsb-link\frameworks\runtime-src\proj.win32\Release.win32\assets\main\native\6f\6f4d6f4a-3881-4bb5-8ab9-6d3dcc045138.18f48.png
  C:\Users\Maxi\Downloads\TP5\build\jsb-link\assets\main\native\70\70375326-a6e2-4ba9-b58b-6982f17e4819.ef66f.png -> C:\Users\Maxi\Downloads\TP5\build\jsb-link\frameworks\runtime-src\proj.win32\Release.win32\assets\main\native\70\70375326-a6e2-4ba9-b58b-6982f17e4819.ef66f.png
  C:\Users\Maxi\Downloads\TP5\build\jsb-link\assets\main\native\71\71561142-4c83-4933-afca-cb7a17f67053.c06a9.png -> C:\Users\Maxi\Downloads\TP5\build\jsb-link\frameworks\runtime-src\proj.win32\Release.win32\assets\main\native\71\71561142-4c83-4933-afca-cb7a17f67053.c06a9.png
  C:\Users\Maxi\Downloads\TP5\build\jsb-link\assets\main\native\88\888c2155-fef3-4930-af7a-8bd38105e510.3c7ca.png -> C:\Users\Maxi\Downloads\TP5\build\jsb-link\frameworks\runtime-src\proj.win32\Release.win32\assets\main\native\88\888c2155-fef3-4930-af7a-8bd38105e510.3c7ca.png
  C:\Users\Maxi\Downloads\TP5\build\jsb-link\assets\main\native\93\936559b2-d67d-4f6c-991c-8f9bfdc35626.152bf.png -> C:\Users\Maxi\Downloads\TP5\build\jsb-link\frameworks\runtime-src\proj.win32\Release.win32\assets\main\native\93\936559b2-d67d-4f6c-991c-8f9bfdc35626.152bf.png
  C:\Users\Maxi\Downloads\TP5\build\jsb-link\assets\main\native\95\95df7588-e4ca-49cc-9b1f-3930e47a82a5.380a0.jpg -> C:\Users\Maxi\Downloads\TP5\build\jsb-link\frameworks\runtime-src\proj.win32\Release.win32\assets\main\native\95\95df7588-e4ca-49cc-9b1f-3930e47a82a5.380a0.jpg
  C:\Users\Maxi\Downloads\TP5\build\jsb-link\assets\main\native\9b\9b924ad0-4429-45b9-9f7e-f635c6122262.2de4d.png -> C:\Users\Maxi\Downloads\TP5\build\jsb-link\frameworks\runtime-src\proj.win32\Release.win32\assets\main\native\9b\9b924ad0-4429-45b9-9f7e-f635c6122262.2de4d.png
  C:\Users\Maxi\Downloads\TP5\build\jsb-link\assets\main\native\cc\cc7a2505-3605-449e-89fe-51db6cc16a90.25d2e\unbutton.ttf -> C:\Users\Maxi\Downloads\TP5\build\jsb-link\frameworks\runtime-src\proj.win32\Release.win32\assets\main\native\cc\cc7a2505-3605-449e-89fe-51db6cc16a90.25d2e\unbutton.ttf
  C:\Users\Maxi\Downloads\TP5\build\jsb-link\assets\main\native\d2\d2bf046f-c3ad-4492-91b5-acc13a626eb0.6f63a.png -> C:\Users\Maxi\Downloads\TP5\build\jsb-link\frameworks\runtime-src\proj.win32\Release.win32\assets\main\native\d2\d2bf046f-c3ad-4492-91b5-acc13a626eb0.6f63a.png
  C:\Users\Maxi\Downloads\TP5\build\jsb-link\assets\main\native\d3\d364ab70-9a85-41df-9f70-093508f7644d.f2a38.png -> C:\Users\Maxi\Downloads\TP5\build\jsb-link\frameworks\runtime-src\proj.win32\Release.win32\assets\main\native\d3\d364ab70-9a85-41df-9f70-093508f7644d.f2a38.png
  C:\Users\Maxi\Downloads\TP5\build\jsb-link\assets\main\native\d9\d9f56134-b02e-4f0e-b850-bc794a868f13.b3e5d.png -> C:\Users\Maxi\Downloads\TP5\build\jsb-link\frameworks\runtime-src\proj.win32\Release.win32\assets\main\native\d9\d9f56134-b02e-4f0e-b850-bc794a868f13.b3e5d.png
  C:\Users\Maxi\Downloads\TP5\build\jsb-link\assets\main\native\db\db27e699-f095-4c89-89b3-1dd1ecee7244.7d8ca.png -> C:\Users\Maxi\Downloads\TP5\build\jsb-link\frameworks\runtime-src\proj.win32\Release.win32\assets\main\native\db\db27e699-f095-4c89-89b3-1dd1ecee7244.7d8ca.png
  C:\Users\Maxi\Downloads\TP5\build\jsb-link\assets\main\native\de\de1e0409-a28e-4427-a213-4299edb91531.e5695.png -> C:\Users\Maxi\Downloads\TP5\build\jsb-link\frameworks\runtime-src\proj.win32\Release.win32\assets\main\native\de\de1e0409-a28e-4427-a213-4299edb91531.e5695.png
  C:\Users\Maxi\Downloads\TP5\build\jsb-link\assets\main\native\f8\f8fdf45f-8eb3-419e-ac85-21c71a33c0ef.bc10b.png -> C:\Users\Maxi\Downloads\TP5\build\jsb-link\frameworks\runtime-src\proj.win32\Release.win32\assets\main\native\f8\f8fdf45f-8eb3-419e-ac85-21c71a33c0ef.bc10b.png
  C:\Users\Maxi\Downloads\TP5\build\jsb-link\assets\main\native\fe\fe6c2b94-7a9b-4ba5-83b2-c10beae7323f.526df.png -> C:\Users\Maxi\Downloads\TP5\build\jsb-link\frameworks\runtime-src\proj.win32\Release.win32\assets\main\native\fe\fe6c2b94-7a9b-4ba5-83b2-c10beae7323f.526df.png
  C:\Users\Maxi\Downloads\TP5\build\jsb-link\assets\main\native\ff\ff762e37-83d6-45f2-8e56-aec90f82fd92.d1ae4.png -> C:\Users\Maxi\Downloads\TP5\build\jsb-link\frameworks\runtime-src\proj.win32\Release.win32\assets\main\native\ff\ff762e37-83d6-45f2-8e56-aec90f82fd92.d1ae4.png
  46 archivo(s) copiado(s)
  C:\Users\Maxi\Downloads\TP5\build\jsb-link\jsb-adapter\jsb-builtin.js -> C:\Users\Maxi\Downloads\TP5\build\jsb-link\frameworks\runtime-src\proj.win32\Release.win32\jsb-adapter\jsb-builtin.js
  C:\Users\Maxi\Downloads\TP5\build\jsb-link\jsb-adapter\jsb-engine.js -> C:\Users\Maxi\Downloads\TP5\build\jsb-link\frameworks\runtime-src\proj.win32\Release.win32\jsb-adapter\jsb-engine.js
  2 archivo(s) copiado(s)
          1 archivo(s) copiado(s).
          1 archivo(s) copiado(s).
